Performing C SOURCE FILE Test CMAKE_HAVE_LIBC_PTHREAD failed with the following output:
Change Dir: /media/seu/wyk/实验室/astra_templete/build/CMakeFiles/CMakeTmp

Run Build Command(s):/home/seu/anaconda3/bin/ninja cmTC_e2af8 && [1/2] Building C object CMakeFiles/cmTC_e2af8.dir/src.c.o
[2/2] Linking C executable cmTC_e2af8
FAILED: cmTC_e2af8 
: && /usr/bin/gcc -fPIC -DCMAKE_HAVE_LIBC_PTHREAD  CMakeFiles/cmTC_e2af8.dir/src.c.o -o cmTC_e2af8   && :
/usr/bin/ld: CMakeFiles/cmTC_e2af8.dir/src.c.o: in function `main':
src.c:(.text+0x46): undefined reference to `pthread_create'
/usr/bin/ld: src.c:(.text+0x52): undefined reference to `pthread_detach'
/usr/bin/ld: src.c:(.text+0x5e): undefined reference to `pthread_cancel'
/usr/bin/ld: src.c:(.text+0x6f): undefined reference to `pthread_join'
collect2: error: ld returned 1 exit status
ninja: build stopped: subcommand failed.


Source file was:
#include <pthread.h>

void* test_func(void* data)
{
  return data;
}

int main(void)
{
  pthread_t thread;
  pthread_create(&thread, NULL, test_func, NULL);
  pthread_detach(thread);
  pthread_cancel(thread);
  pthread_join(thread, NULL);
  pthread_atfork(NULL, NULL, NULL);
  pthread_exit(NULL);

  return 0;
}

Determining if the function pthread_create exists in the pthreads failed with the following output:
Change Dir: /media/seu/wyk/实验室/astra_templete/build/CMakeFiles/CMakeTmp

Run Build Command(s):/home/seu/anaconda3/bin/ninja cmTC_4f610 && [1/2] Building C object CMakeFiles/cmTC_4f610.dir/CheckFunctionExists.c.o
[2/2] Linking C executable cmTC_4f610
FAILED: cmTC_4f610 
: && /usr/bin/gcc -fPIC -DCHECK_FUNCTION_EXISTS=pthread_create  CMakeFiles/cmTC_4f610.dir/CheckFunctionExists.c.o -o cmTC_4f610  -lpthreads && :
/usr/bin/ld: 找不到 -lpthreads
collect2: error: ld returned 1 exit status
ninja: build stopped: subcommand failed.



